<?xml version="1.0" encoding="UTF-8"?>
<!-- Generated by org.testng.reporters.JUnitXMLReporter -->
<testsuite hostname="Abduls-MacBook-Air-2.local" ignored="1" name="webautomation" tests="1" failures="0" timestamp="2021-07-14T21:46:40 IST" time="18.859" errors="0">
  <testcase name="asgnlvtest" time="9.31" classname="com.orangehrm.test.quicklaunchpagetest"/>
  <testcase name="leavelisttest" time="0.0" classname="com.orangehrm.test.quicklaunchpagetest">
    <ignored/>
  </testcase> <!-- leavelisttest -->
</testsuite> <!-- webautomation -->
