<?xml version="1.0" encoding="UTF-8"?>
<testng-results skipped="0" failed="0" ignored="1" total="2" passed="1">
  <reporter-output>
  </reporter-output>
  <suite name="Default Suite" duration-ms="18859" started-at="2021-07-14T21:46:22 IST" finished-at="2021-07-14T21:46:40 IST">
    <groups>
    </groups>
    <test name="webautomation" duration-ms="18859" started-at="2021-07-14T21:46:22 IST" finished-at="2021-07-14T21:46:40 IST">
      <class name="com.orangehrm.test.quicklaunchpagetest">
        <test-method status="PASS" signature="setup()[pri:0, instance:com.orangehrm.test.quicklaunchpagetest@5f341870]" name="setup" is-config="true" duration-ms="9266" started-at="2021-07-14T21:46:22 IST" finished-at="2021-07-14T21:46:31 IST">
          <reporter-output>
          </reporter-output>
        </test-method> <!-- setup -->
        <test-method status="PASS" signature="asgnlvtest()[pri:1, instance:com.orangehrm.test.quicklaunchpagetest@5f341870]" name="asgnlvtest" duration-ms="9310" started-at="2021-07-14T21:46:31 IST" finished-at="2021-07-14T21:46:40 IST">
          <reporter-output>
          </reporter-output>
        </test-method> <!-- asgnlvtest -->
        <test-method status="PASS" signature="close()[pri:0, instance:com.orangehrm.test.quicklaunchpagetest@5f341870]" name="close" is-config="true" duration-ms="199" started-at="2021-07-14T21:46:40 IST" finished-at="2021-07-14T21:46:40 IST">
          <reporter-output>
          </reporter-output>
        </test-method> <!-- close -->
      </class> <!-- com.orangehrm.test.quicklaunchpagetest -->
    </test> <!-- webautomation -->
  </suite> <!-- Default Suite -->
</testng-results>
